  Graph.cpp
C:\Users\zernm\source\repos\Comi\Graph.cpp(106,21): warning C4018: <: несоответствие типов со знаком и без знака
C:\Users\zernm\source\repos\Comi\Graph.cpp(109,22): warning C4018: <: несоответствие типов со знаком и без знака
C:\Users\zernm\source\repos\Comi\Graph.cpp(161,20): warning C4018: <: несоответствие типов со знаком и без знака
C:\Users\zernm\source\repos\Comi\Graph.cpp(162,21): warning C4018: <: несоответствие типов со знаком и без знака
C:\Users\zernm\source\repos\Comi\Graph.cpp(312,20): warning C4018: <: несоответствие типов со знаком и без знака
C:\Users\zernm\source\repos\Comi\Graph.cpp(333,20): warning C4018: <: несоответствие типов со знаком и без знака
C:\Users\zernm\source\repos\Comi\Graph.cpp(340,20): warning C4018: <: несоответствие типов со знаком и без знака
C:\Users\zernm\source\repos\Comi\Graph.cpp(353,32): warning C4305: аргумент: усечение из "double" в "GLfloat"
C:\Users\zernm\source\repos\Comi\Graph.cpp(355,24): warning C4305: аргумент: усечение из "double" в "GLfloat"
C:\Users\zernm\source\repos\Comi\Graph.cpp(371,32): warning C4244: аргумент: преобразование "double" в "GLint", возможна потеря данных
C:\Users\zernm\source\repos\Comi\Graph.cpp(372,20): warning C4018: <: несоответствие типов со знаком и без знака
C:\Users\zernm\source\repos\Comi\Graph.cpp(374,41): warning C4244: аргумент: преобразование "double" в "GLint", возможна потеря данных
C:\Users\zernm\source\repos\Comi\Graph.cpp(375,20): warning C4018: <: несоответствие типов со знаком и без знака
C:\Users\zernm\source\repos\Comi\Graph.cpp(382,32): warning C4305: аргумент: усечение из "double" в "GLfloat"
C:\Users\zernm\source\repos\Comi\Graph.cpp(399,32): warning C4244: аргумент: преобразование "double" в "GLint", возможна потеря данных
C:\Users\zernm\source\repos\Comi\Graph.cpp(400,20): warning C4018: <: несоответствие типов со знаком и без знака
C:\Users\zernm\source\repos\Comi\Graph.cpp(407,32): warning C4305: аргумент: усечение из "double" в "GLfloat"
C:\Users\zernm\source\repos\Comi\Graph.cpp(409,24): warning C4305: аргумент: усечение из "double" в "GLfloat"
C:\Users\zernm\source\repos\Comi\Graph.cpp(425,34): warning C4244: аргумент: преобразование "double" в "GLint", возможна потеря данных
C:\Users\zernm\source\repos\Comi\Graph.cpp(425,21): warning C4244: аргумент: преобразование "double" в "GLint", возможна потеря данных
C:\Users\zernm\source\repos\Comi\Graph.cpp(426,20): warning C4018: <: несоответствие типов со знаком и без знака
C:\Users\zernm\source\repos\Comi\Graph.cpp(428,41): warning C4244: аргумент: преобразование "double" в "GLint", возможна потеря данных
C:\Users\zernm\source\repos\Comi\Graph.cpp(429,20): warning C4018: <: несоответствие типов со знаком и без знака
C:\Users\zernm\source\repos\Comi\Graph.cpp(436,32): warning C4305: аргумент: усечение из "double" в "GLfloat"
C:\Users\zernm\source\repos\Comi\Graph.cpp(453,32): warning C4244: аргумент: преобразование "double" в "GLint", возможна потеря данных
C:\Users\zernm\source\repos\Comi\Graph.cpp(454,20): warning C4018: <: несоответствие типов со знаком и без знака
C:\Users\zernm\source\repos\Comi\Graph.cpp(462,32): warning C4305: аргумент: усечение из "double" в "GLfloat"
C:\Users\zernm\source\repos\Comi\Graph.cpp(464,24): warning C4305: аргумент: усечение из "double" в "GLfloat"
C:\Users\zernm\source\repos\Comi\Graph.cpp(479,32): warning C4244: аргумент: преобразование "double" в "GLint", возможна потеря данных
C:\Users\zernm\source\repos\Comi\Graph.cpp(480,20): warning C4018: <: несоответствие типов со знаком и без знака
C:\Users\zernm\source\repos\Comi\Graph.cpp(487,32): warning C4305: аргумент: усечение из "double" в "GLfloat"
C:\Users\zernm\source\repos\Comi\Graph.cpp(504,33): warning C4244: аргумент: преобразование "double" в "GLint", возможна потеря данных
C:\Users\zernm\source\repos\Comi\Graph.cpp(504,21): warning C4244: аргумент: преобразование "double" в "GLint", возможна потеря данных
C:\Users\zernm\source\repos\Comi\Graph.cpp(505,20): warning C4018: <: несоответствие типов со знаком и без знака
C:\Users\zernm\source\repos\Comi\Graph.cpp(512,32): warning C4305: аргумент: усечение из "double" в "GLfloat"
C:\Users\zernm\source\repos\Comi\Graph.cpp(514,24): warning C4305: аргумент: усечение из "double" в "GLfloat"
C:\Users\zernm\source\repos\Comi\Graph.cpp(529,33): warning C4244: аргумент: преобразование "double" в "GLint", возможна потеря данных
C:\Users\zernm\source\repos\Comi\Graph.cpp(530,20): warning C4018: <: несоответствие типов со знаком и без знака
C:\Users\zernm\source\repos\Comi\Graph.cpp(563,31): warning C4305: аргумент: усечение из "double" в "GLfloat"
C:\Users\zernm\source\repos\Comi\Graph.cpp(575,27): warning C4305: аргумент: усечение из "double" в "GLfloat"
C:\Users\zernm\source\repos\Comi\Graph.cpp(607,11): warning C4244: инициализация: преобразование "int" в "float", возможна потеря данных
C:\Users\zernm\source\repos\Comi\Graph.cpp(608,11): warning C4244: инициализация: преобразование "int" в "float", возможна потеря данных
C:\Users\zernm\source\repos\Comi\Graph.cpp(612,10): warning C4244: =: преобразование "float" в "int", возможна потеря данных
C:\Users\zernm\source\repos\Comi\Graph.cpp(613,10): warning C4244: =: преобразование "float" в "int", возможна потеря данных
C:\Users\zernm\source\repos\Comi\Graph.cpp(617,17): warning C4244: аргумент: преобразование "int" в "GLfloat", возможна потеря данных
C:\Users\zernm\source\repos\Comi\Graph.cpp(617,13): warning C4244: аргумент: преобразование "int" в "GLfloat", возможна потеря данных
C:\Users\zernm\source\repos\Comi\Graph.cpp(652,9): warning C4244: инициализация: преобразование "float" в "int", возможна потеря данных
C:\Users\zernm\source\repos\Comi\Graph.cpp(653,9): warning C4244: инициализация: преобразование "float" в "int", возможна потеря данных
C:\Users\zernm\source\repos\Comi\Graph.cpp(753,20): warning C4018: <: несоответствие типов со знаком и без знака
C:\Users\zernm\source\repos\Comi\Graph.cpp(828,23): warning C4018: <: несоответствие типов со знаком и без знака
C:\Users\zernm\source\repos\Comi\Graph.cpp(913,31): warning C4305: аргумент: усечение из "double" в "GLclampf"
  Comi.vcxproj -> C:\Users\zernm\source\repos\Comi\Debug\Comi.exe
